<?xml version="1.0" encoding="UTF-8"?>
<!-- Generated by org.testng.reporters.JUnitReportReporter -->
<testsuite skipped="0" hostname="KASIAs-Air.att.net" name="com.codistan.qaclass1.maven.MavenTest3" tests="1" failures="0" timestamp="19 Jan 2018 22:16:43 GMT" time="13.361" errors="0">
  <testcase name="Test1" time="13.361" classname="com.codistan.qaclass1.maven.MavenTest3"/>
</testsuite> <!-- com.codistan.qaclass1.maven.MavenTest3 -->
