<?xml version="1.0" encoding="UTF-8"?>
<!-- Generated by org.testng.reporters.JUnitReportReporter -->
<testsuite skipped="0" hostname="KASIAs-Air.att.net" name="com.codistan.qaclass1.maven.MavenTest1" tests="1" failures="0" timestamp="19 Jan 2018 22:16:43 GMT" time="14.850" errors="0">
  <testcase name="Test1" time="14.850" classname="com.codistan.qaclass1.maven.MavenTest1"/>
</testsuite> <!-- com.codistan.qaclass1.maven.MavenTest1 -->
